{
  "className": "de.conciso.auftrag.AuftragControllerTest",
  "name": "Auftrag Controller",
  "scenarios": [
    {
      "className": "de.conciso.auftrag.AuftragControllerTest",
      "testMethodName": "given_Auftrag_can_be_created_When_calling_create_then_AuftraegeService_is_called",
      "description": "given Auftrag can be created When calling create then AuftraegeService is called",
      "tagIds": [],
      "explicitParameters": [],
      "derivedParameters": [],
      "scenarioCases": [
        {
          "caseNr": 1,
          "steps": [
            {
              "name": "Auftrag can be created",
              "words": [
                {
                  "value": "Given",
                  "isIntroWord": true
                },
                {
                  "value": "Auftrag can be created"
                }
              ],
              "status": "FAILED",
              "durationInNanos": 59734042147,
              "depth": 0,
              "parentFailed": false
            },
            {
              "name": "calling create",
              "words": [
                {
                  "value": "When",
                  "isIntroWord": true
                },
                {
                  "value": "calling create"
                }
              ],
              "status": "SKIPPED",
              "durationInNanos": 0,
              "depth": 0,
              "parentFailed": false
            },
            {
              "name": "AuftraegeService is called",
              "words": [
                {
                  "value": "Then",
                  "isIntroWord": true
                },
                {
                  "value": "AuftraegeService is called"
                }
              ],
              "status": "SKIPPED",
              "durationInNanos": 0,
              "depth": 0,
              "parentFailed": false
            }
          ],
          "explicitArguments": [],
          "derivedArguments": [],
          "status": "FAILED",
          "errorMessage": "java.lang.NullPointerException: null",
          "stackTrace": [
            "de.conciso.auftrag.steps.GivenStatement.Auftrag_can_be_created(GivenStatement.java:36)",
            "de.conciso.auftrag.steps.GivenStatement$ByteBuddy$udhNvsgs.Auftrag_can_be_created$accessor$JVbYJg4C(Unknown Source)",
            "de.conciso.auftrag.steps.GivenStatement$ByteBuddy$udhNvsgs$auxiliary$RAPkroKz.call(Unknown Source)",
            "de.conciso.auftrag.steps.GivenStatement$ByteBuddy$udhNvsgs.Auftrag_can_be_created(Unknown Source)",
            "de.conciso.auftrag.AuftragControllerTest.given_Auftrag_can_be_created_When_calling_create_then_AuftraegeService_is_called(AuftragControllerTest.java:19)",
            "java.base/jdk.internal.reflect.NativeMethodAccessorImpl.invoke0(Native Method)",
            "java.base/jdk.internal.reflect.NativeMethodAccessorImpl.invoke(NativeMethodAccessorImpl.java:62)",
            "java.base/jdk.internal.reflect.DelegatingMethodAccessorImpl.invoke(DelegatingMethodAccessorImpl.java:43)",
            "org.junit.platform.commons.util.ReflectionUtils.invokeMethod(ReflectionUtils.java:725)",
            "org.junit.jupiter.engine.execution.MethodInvocation.proceed(MethodInvocation.java:60)",
            "org.junit.jupiter.engine.execution.InvocationInterceptorChain$ValidatingInvocation.proceed(InvocationInterceptorChain.java:131)",
            "org.junit.jupiter.engine.extension.TimeoutExtension.intercept(TimeoutExtension.java:149)",
            "org.junit.jupiter.engine.extension.TimeoutExtension.interceptTestableMethod(TimeoutExtension.java:140)",
            "org.junit.jupiter.engine.extension.TimeoutExtension.interceptTestMethod(TimeoutExtension.java:84)",
            "org.junit.jupiter.engine.execution.ExecutableInvoker$ReflectiveInterceptorCall.lambda$ofVoidMethod$0(ExecutableInvoker.java:115)",
            "org.junit.jupiter.engine.execution.ExecutableInvoker.lambda$invoke$0(ExecutableInvoker.java:105)",
            "org.junit.jupiter.engine.execution.InvocationInterceptorChain$InterceptedInvocation.proceed(InvocationInterceptorChain.java:106)",
            "org.junit.jupiter.engine.execution.InvocationInterceptorChain.proceed(InvocationInterceptorChain.java:64)",
            "org.junit.jupiter.engine.execution.InvocationInterceptorChain.chainAndInvoke(InvocationInterceptorChain.java:45)",
            "org.junit.jupiter.engine.execution.InvocationInterceptorChain.invoke(InvocationInterceptorChain.java:37)",
            "org.junit.jupiter.engine.execution.ExecutableInvoker.invoke(ExecutableInvoker.java:104)",
            "org.junit.jupiter.engine.execution.ExecutableInvoker.invoke(ExecutableInvoker.java:98)",
            "org.junit.jupiter.engine.descriptor.TestMethodTestDescriptor.lambda$invokeTestMethod$7(TestMethodTestDescriptor.java:214)",
            "org.junit.platform.engine.support.hierarchical.ThrowableCollector.execute(ThrowableCollector.java:73)",
            "org.junit.jupiter.engine.descriptor.TestMethodTestDescriptor.invokeTestMethod(TestMethodTestDescriptor.java:210)",
            "org.junit.jupiter.engine.descriptor.TestMethodTestDescriptor.execute(TestMethodTestDescriptor.java:135)",
            "org.junit.jupiter.engine.descriptor.TestMethodTestDescriptor.execute(TestMethodTestDescriptor.java:66)",
            "org.junit.platform.engine.support.hierarchical.NodeTestTask.lambda$executeRecursively$6(NodeTestTask.java:151)",
            "org.junit.platform.engine.support.hierarchical.ThrowableCollector.execute(ThrowableCollector.java:73)",
            "org.junit.platform.engine.support.hierarchical.NodeTestTask.lambda$executeRecursively$8(NodeTestTask.java:141)",
            "org.junit.platform.engine.support.hierarchical.Node.around(Node.java:137)",
            "org.junit.platform.engine.support.hierarchical.NodeTestTask.lambda$executeRecursively$9(NodeTestTask.java:139)",
            "org.junit.platform.engine.support.hierarchical.ThrowableCollector.execute(ThrowableCollector.java:73)",
            "org.junit.platform.engine.support.hierarchical.NodeTestTask.executeRecursively(NodeTestTask.java:138)",
            "org.junit.platform.engine.support.hierarchical.NodeTestTask.execute(NodeTestTask.java:95)",
            "java.base/java.util.ArrayList.forEach(ArrayList.java:1541)",
            "org.junit.platform.engine.support.hierarchical.SameThreadHierarchicalTestExecutorService.invokeAll(SameThreadHierarchicalTestExecutorService.java:41)",
            "org.junit.platform.engine.support.hierarchical.NodeTestTask.lambda$executeRecursively$6(NodeTestTask.java:155)",
            "org.junit.platform.engine.support.hierarchical.ThrowableCollector.execute(ThrowableCollector.java:73)",
            "org.junit.platform.engine.support.hierarchical.NodeTestTask.lambda$executeRecursively$8(NodeTestTask.java:141)",
            "org.junit.platform.engine.support.hierarchical.Node.around(Node.java:137)",
            "org.junit.platform.engine.support.hierarchical.NodeTestTask.lambda$executeRecursively$9(NodeTestTask.java:139)",
            "org.junit.platform.engine.support.hierarchical.ThrowableCollector.execute(ThrowableCollector.java:73)",
            "org.junit.platform.engine.support.hierarchical.NodeTestTask.executeRecursively(NodeTestTask.java:138)",
            "org.junit.platform.engine.support.hierarchical.NodeTestTask.execute(NodeTestTask.java:95)",
            "java.base/java.util.ArrayList.forEach(ArrayList.java:1541)",
            "org.junit.platform.engine.support.hierarchical.SameThreadHierarchicalTestExecutorService.invokeAll(SameThreadHierarchicalTestExecutorService.java:41)",
            "org.junit.platform.engine.support.hierarchical.NodeTestTask.lambda$executeRecursively$6(NodeTestTask.java:155)",
            "org.junit.platform.engine.support.hierarchical.ThrowableCollector.execute(ThrowableCollector.java:73)",
            "org.junit.platform.engine.support.hierarchical.NodeTestTask.lambda$executeRecursively$8(NodeTestTask.java:141)",
            "org.junit.platform.engine.support.hierarchical.Node.around(Node.java:137)",
            "org.junit.platform.engine.support.hierarchical.NodeTestTask.lambda$executeRecursively$9(NodeTestTask.java:139)",
            "org.junit.platform.engine.support.hierarchical.ThrowableCollector.execute(ThrowableCollector.java:73)",
            "org.junit.platform.engine.support.hierarchical.NodeTestTask.executeRecursively(NodeTestTask.java:138)",
            "org.junit.platform.engine.support.hierarchical.NodeTestTask.execute(NodeTestTask.java:95)",
            "org.junit.platform.engine.support.hierarchical.SameThreadHierarchicalTestExecutorService.submit(SameThreadHierarchicalTestExecutorService.java:35)",
            "org.junit.platform.engine.support.hierarchical.HierarchicalTestExecutor.execute(HierarchicalTestExecutor.java:57)",
            "org.junit.platform.engine.support.hierarchical.HierarchicalTestEngine.execute(HierarchicalTestEngine.java:54)",
            "org.junit.platform.launcher.core.EngineExecutionOrchestrator.execute(EngineExecutionOrchestrator.java:107)",
            "org.junit.platform.launcher.core.EngineExecutionOrchestrator.execute(EngineExecutionOrchestrator.java:88)",
            "org.junit.platform.launcher.core.EngineExecutionOrchestrator.lambda$execute$0(EngineExecutionOrchestrator.java:54)",
            "org.junit.platform.launcher.core.EngineExecutionOrchestrator.withInterceptedStreams(EngineExecutionOrchestrator.java:67)",
            "org.junit.platform.launcher.core.EngineExecutionOrchestrator.execute(EngineExecutionOrchestrator.java:52)",
            "org.junit.platform.launcher.core.DefaultLauncher.execute(DefaultLauncher.java:114)",
            "org.junit.platform.launcher.core.DefaultLauncher.execute(DefaultLauncher.java:86)",
            "org.junit.platform.launcher.core.DefaultLauncherSession$DelegatingLauncher.execute(DefaultLauncherSession.java:86)",
            "org.junit.platform.launcher.core.SessionPerRequestLauncher.execute(SessionPerRequestLauncher.java:53)",
            "com.intellij.junit5.JUnit5IdeaTestRunner.startRunnerWithArgs(JUnit5IdeaTestRunner.java:71)",
            "com.intellij.rt.junit.IdeaTestRunner$Repeater$1.execute(IdeaTestRunner.java:38)",
            "com.intellij.rt.execution.junit.TestsRepeater.repeat(TestsRepeater.java:11)",
            "com.intellij.rt.junit.IdeaTestRunner$Repeater.startRunnerWithArgs(IdeaTestRunner.java:35)",
            "com.intellij.rt.junit.JUnitStarter.prepareStreamsAndStart(JUnitStarter.java:235)",
            "com.intellij.rt.junit.JUnitStarter.main(JUnitStarter.java:54)"
          ],
          "durationInNanos": 106727607536
        }
      ],
      "casesAsTable": false,
      "durationInNanos": 106727607536
    }
  ],
  "tagMap": {}
}